2021-11-02 07:30:01 INFO  .:69 - The execution of method loadFiles started here ...
2021-11-02 07:30:01 INFO  .:84 - The execution of method loadFiles ended here ...
2021-11-02 07:30:04 INFO  .:86 - The execution of method navigate started here ...
2021-11-02 07:30:11 INFO  .:98 - The execution of method navigate ended here ...
2021-11-02 07:30:11 INFO  .:166 - In Test Scenario Login the method navigate execution status is :Pass
2021-11-02 07:30:11 INFO  .:32 - The execution of method login started here ...
2021-11-02 07:30:17 INFO  .:50 - The execution of method login ended here ...
2021-11-02 07:30:17 INFO  .:166 - In Test Scenario Login the method login execution status is :Pass
2021-11-02 07:30:17 INFO  .:76 - The execution of method logout started here ...
2021-11-02 07:30:21 INFO  .:88 - The execution of method logout ended here ...
2021-11-02 07:30:21 INFO  .:166 - In Test Scenario Login the method logout execution status is :Pass
2021-11-02 07:30:21 INFO  .:121 - The execution of method closeApplication started here ...
2021-11-02 07:30:22 INFO  .:124 - The execution of method closeApplication ended here ...
2021-11-02 07:30:22 INFO  .:166 - In Test Scenario Login the method closeApplication execution status is :Pass
2021-11-02 07:30:22 INFO  .:180 - +++++++++++++++++++++++++++++++
2021-11-02 07:30:25 INFO  .:86 - The execution of method navigate started here ...
2021-11-02 07:30:32 INFO  .:98 - The execution of method navigate ended here ...
2021-11-02 07:30:32 INFO  .:166 - In Test Scenario CreateUser the method navigate execution status is :Pass
2021-11-02 07:30:32 INFO  .:32 - The execution of method login started here ...
2021-11-02 07:30:38 INFO  .:50 - The execution of method login ended here ...
2021-11-02 07:30:38 INFO  .:166 - In Test Scenario CreateUser the method login execution status is :Pass
2021-11-02 07:30:38 INFO  .:32 - The execution of method createUser started here ...
2021-11-02 07:30:53 INFO  .:62 - The execution of method createUser ended here ...
2021-11-02 07:30:53 INFO  .:166 - In Test Scenario CreateUser the method createUser execution status is :Pass
2021-11-02 07:30:53 INFO  .:133 - The execution of method deleteUser started here ...
2021-11-02 07:31:02 INFO  .:149 - The execution of method deleteUser ended here ...
2021-11-02 07:31:02 INFO  .:166 - In Test Scenario CreateUser the method deleteUser execution status is :Pass
2021-11-02 07:31:03 INFO  .:76 - The execution of method logout started here ...
2021-11-02 07:31:07 INFO  .:88 - The execution of method logout ended here ...
2021-11-02 07:31:07 INFO  .:166 - In Test Scenario CreateUser the method logout execution status is :Pass
2021-11-02 07:31:07 INFO  .:121 - The execution of method closeApplication started here ...
2021-11-02 07:31:07 INFO  .:124 - The execution of method closeApplication ended here ...
2021-11-02 07:31:07 INFO  .:166 - In Test Scenario CreateUser the method closeApplication execution status is :Pass
2021-11-02 07:31:07 INFO  .:180 - +++++++++++++++++++++++++++++++
2021-11-02 07:31:09 INFO  .:86 - The execution of method navigate started here ...
2021-11-02 07:31:16 INFO  .:98 - The execution of method navigate ended here ...
2021-11-02 07:31:16 INFO  .:166 - In Test Scenario ModifyUser the method navigate execution status is :Pass
2021-11-02 07:31:16 INFO  .:32 - The execution of method login started here ...
2021-11-02 07:31:21 INFO  .:50 - The execution of method login ended here ...
2021-11-02 07:31:21 INFO  .:166 - In Test Scenario ModifyUser the method login execution status is :Pass
2021-11-02 07:31:22 INFO  .:32 - The execution of method createUser started here ...
2021-11-02 07:31:37 INFO  .:62 - The execution of method createUser ended here ...
2021-11-02 07:31:37 INFO  .:166 - In Test Scenario ModifyUser the method createUser execution status is :Pass
2021-11-02 07:31:37 INFO  .:88 - The execution of method modifyUser started here ...
2021-11-02 07:31:47 INFO  .:108 - The execution of method modifyUser ended here ...
2021-11-02 07:31:47 INFO  .:166 - In Test Scenario ModifyUser the method modifyUser execution status is :Fail
2021-11-02 07:31:47 INFO  .:133 - The execution of method deleteUser started here ...
2021-11-02 07:31:56 INFO  .:149 - The execution of method deleteUser ended here ...
2021-11-02 07:31:56 INFO  .:166 - In Test Scenario ModifyUser the method deleteUser execution status is :Pass
2021-11-02 07:31:56 INFO  .:76 - The execution of method logout started here ...
2021-11-02 07:32:01 INFO  .:88 - The execution of method logout ended here ...
2021-11-02 07:32:01 INFO  .:166 - In Test Scenario ModifyUser the method logout execution status is :Pass
2021-11-02 07:32:01 INFO  .:121 - The execution of method closeApplication started here ...
2021-11-02 07:32:01 INFO  .:124 - The execution of method closeApplication ended here ...
2021-11-02 07:32:01 INFO  .:166 - In Test Scenario ModifyUser the method closeApplication execution status is :Pass
2021-11-02 07:32:01 INFO  .:180 - +++++++++++++++++++++++++++++++
2021-11-02 07:32:01 INFO  .:180 - +++++++++++++++++++++++++++++++
2021-11-02 07:32:01 INFO  .:180 - +++++++++++++++++++++++++++++++
2021-11-02 07:32:01 INFO  .:180 - +++++++++++++++++++++++++++++++
2021-11-02 07:32:01 INFO  .:180 - +++++++++++++++++++++++++++++++
2021-11-02 07:32:01 INFO  .:183 - The execution of method executeTestScenarios ended here ...
2021-11-02 07:32:01 INFO  .:205 - The execution of method endAutomationSuite ended here ...
2021-11-02 07:32:01 INFO  .:208 - The execution of method endAutomationSuite ended here ...
2021-11-02 07:49:26 INFO  .:69 - The execution of method loadFiles started here ...
2021-11-02 07:49:26 INFO  .:84 - The execution of method loadFiles ended here ...
2021-11-02 07:49:29 INFO  .:86 - The execution of method navigate started here ...
2021-11-02 07:49:36 INFO  .:98 - The execution of method navigate ended here ...
2021-11-02 07:49:36 INFO  .:166 - In Test Scenario Login the method navigate execution status is :Pass
2021-11-02 07:49:36 INFO  .:32 - The execution of method login started here ...
2021-11-02 07:49:41 INFO  .:50 - The execution of method login ended here ...
2021-11-02 07:49:41 INFO  .:166 - In Test Scenario Login the method login execution status is :Pass
2021-11-02 07:49:44 INFO  .:166 - In Test Scenario Login the method minimizeFlyOutWindow execution status is :Pass
2021-11-02 07:49:44 INFO  .:76 - The execution of method logout started here ...
2021-11-02 07:49:48 INFO  .:88 - The execution of method logout ended here ...
2021-11-02 07:49:48 INFO  .:166 - In Test Scenario Login the method logout execution status is :Pass
2021-11-02 07:49:48 INFO  .:121 - The execution of method closeApplication started here ...
2021-11-02 07:49:48 INFO  .:124 - The execution of method closeApplication ended here ...
2021-11-02 07:49:48 INFO  .:166 - In Test Scenario Login the method closeApplication execution status is :Pass
2021-11-02 07:49:48 INFO  .:180 - +++++++++++++++++++++++++++++++
2021-11-02 07:49:50 INFO  .:86 - The execution of method navigate started here ...
2021-11-02 07:49:58 INFO  .:98 - The execution of method navigate ended here ...
2021-11-02 07:49:58 INFO  .:166 - In Test Scenario CreateUser the method navigate execution status is :Pass
2021-11-02 07:49:59 INFO  .:32 - The execution of method login started here ...
2021-11-02 07:50:04 INFO  .:50 - The execution of method login ended here ...
2021-11-02 07:50:04 INFO  .:166 - In Test Scenario CreateUser the method login execution status is :Pass
2021-11-02 07:50:06 INFO  .:166 - In Test Scenario CreateUser the method minimizeFlyOutWindow execution status is :Pass
2021-11-02 07:50:06 INFO  .:32 - The execution of method createUser started here ...
2021-11-02 07:50:17 INFO  .:60 - The execution of method createUser ended here ...
2021-11-02 07:50:17 INFO  .:166 - In Test Scenario CreateUser the method createUser execution status is :Pass
2021-11-02 07:50:17 INFO  .:131 - The execution of method deleteUser started here ...
2021-11-02 07:50:26 INFO  .:147 - The execution of method deleteUser ended here ...
2021-11-02 07:50:26 INFO  .:166 - In Test Scenario CreateUser the method deleteUser execution status is :Pass
2021-11-02 07:50:26 INFO  .:76 - The execution of method logout started here ...
2021-11-02 07:50:30 INFO  .:88 - The execution of method logout ended here ...
2021-11-02 07:50:30 INFO  .:166 - In Test Scenario CreateUser the method logout execution status is :Pass
2021-11-02 07:50:30 INFO  .:121 - The execution of method closeApplication started here ...
2021-11-02 07:50:31 INFO  .:124 - The execution of method closeApplication ended here ...
2021-11-02 07:50:31 INFO  .:166 - In Test Scenario CreateUser the method closeApplication execution status is :Pass
2021-11-02 07:50:31 INFO  .:180 - +++++++++++++++++++++++++++++++
2021-11-02 07:50:32 INFO  .:86 - The execution of method navigate started here ...
2021-11-02 07:50:40 INFO  .:98 - The execution of method navigate ended here ...
2021-11-02 07:50:40 INFO  .:166 - In Test Scenario ModifyUser the method navigate execution status is :Pass
2021-11-02 07:50:40 INFO  .:32 - The execution of method login started here ...
2021-11-02 07:50:45 INFO  .:50 - The execution of method login ended here ...
2021-11-02 07:50:45 INFO  .:166 - In Test Scenario ModifyUser the method login execution status is :Pass
2021-11-02 07:50:48 INFO  .:166 - In Test Scenario ModifyUser the method minimizeFlyOutWindow execution status is :Pass
2021-11-02 07:50:48 INFO  .:32 - The execution of method createUser started here ...
2021-11-02 07:50:58 INFO  .:60 - The execution of method createUser ended here ...
2021-11-02 07:50:58 INFO  .:166 - In Test Scenario ModifyUser the method createUser execution status is :Pass
2021-11-02 07:50:58 INFO  .:86 - The execution of method modifyUser started here ...
2021-11-02 07:51:08 INFO  .:106 - The execution of method modifyUser ended here ...
2021-11-02 07:51:08 INFO  .:166 - In Test Scenario ModifyUser the method modifyUser execution status is :Fail
2021-11-02 07:51:08 INFO  .:131 - The execution of method deleteUser started here ...
2021-11-02 07:51:17 INFO  .:147 - The execution of method deleteUser ended here ...
2021-11-02 07:51:17 INFO  .:166 - In Test Scenario ModifyUser the method deleteUser execution status is :Pass
2021-11-02 07:51:17 INFO  .:76 - The execution of method logout started here ...
2021-11-02 07:51:22 INFO  .:88 - The execution of method logout ended here ...
2021-11-02 07:51:22 INFO  .:166 - In Test Scenario ModifyUser the method logout execution status is :Pass
2021-11-02 07:51:22 INFO  .:121 - The execution of method closeApplication started here ...
2021-11-02 07:51:22 INFO  .:124 - The execution of method closeApplication ended here ...
2021-11-02 07:51:22 INFO  .:166 - In Test Scenario ModifyUser the method closeApplication execution status is :Pass
2021-11-02 07:51:22 INFO  .:180 - +++++++++++++++++++++++++++++++
2021-11-02 07:51:22 INFO  .:180 - +++++++++++++++++++++++++++++++
2021-11-02 07:51:22 INFO  .:180 - +++++++++++++++++++++++++++++++
2021-11-02 07:51:22 INFO  .:180 - +++++++++++++++++++++++++++++++
2021-11-02 07:51:22 INFO  .:180 - +++++++++++++++++++++++++++++++
2021-11-02 07:51:22 INFO  .:183 - The execution of method executeTestScenarios ended here ...
2021-11-02 07:51:22 INFO  .:205 - The execution of method endAutomationSuite ended here ...
2021-11-02 07:51:22 INFO  .:208 - The execution of method endAutomationSuite ended here ...
2021-11-02 08:20:49 INFO  .:69 - The execution of method loadFiles started here ...
2021-11-02 08:20:49 INFO  .:84 - The execution of method loadFiles ended here ...
2021-11-02 08:20:58 INFO  .:86 - The execution of method navigate started here ...
2021-11-02 08:21:06 INFO  .:98 - The execution of method navigate ended here ...
2021-11-02 08:21:06 INFO  .:166 - In Test Scenario Login the method navigate execution status is :Pass
2021-11-02 08:21:06 INFO  .:32 - The execution of method login started here ...
2021-11-02 08:21:12 INFO  .:50 - The execution of method login ended here ...
2021-11-02 08:21:12 INFO  .:166 - In Test Scenario Login the method login execution status is :Pass
2021-11-02 08:21:14 INFO  .:166 - In Test Scenario Login the method minimizeFlyOutWindow execution status is :Pass
2021-11-02 08:21:14 INFO  .:76 - The execution of method logout started here ...
2021-11-02 08:21:19 INFO  .:88 - The execution of method logout ended here ...
2021-11-02 08:21:19 INFO  .:166 - In Test Scenario Login the method logout execution status is :Pass
2021-11-02 08:21:19 INFO  .:121 - The execution of method closeApplication started here ...
2021-11-02 08:21:19 INFO  .:124 - The execution of method closeApplication ended here ...
2021-11-02 08:21:19 INFO  .:166 - In Test Scenario Login the method closeApplication execution status is :Pass
2021-11-02 08:21:19 INFO  .:180 - +++++++++++++++++++++++++++++++
2021-11-02 08:21:21 INFO  .:86 - The execution of method navigate started here ...
2021-11-02 08:21:29 INFO  .:98 - The execution of method navigate ended here ...
2021-11-02 08:21:29 INFO  .:166 - In Test Scenario CreateUser the method navigate execution status is :Pass
2021-11-02 08:21:29 INFO  .:32 - The execution of method login started here ...
2021-11-02 08:21:34 INFO  .:50 - The execution of method login ended here ...
2021-11-02 08:21:34 INFO  .:166 - In Test Scenario CreateUser the method login execution status is :Pass
2021-11-02 08:21:37 INFO  .:166 - In Test Scenario CreateUser the method minimizeFlyOutWindow execution status is :Pass
2021-11-02 08:21:37 INFO  .:32 - The execution of method createUser started here ...
2021-11-02 08:21:49 INFO  .:60 - The execution of method createUser ended here ...
2021-11-02 08:21:49 INFO  .:166 - In Test Scenario CreateUser the method createUser execution status is :Pass
2021-11-02 08:21:49 INFO  .:131 - The execution of method deleteUser started here ...
2021-11-02 08:21:58 INFO  .:147 - The execution of method deleteUser ended here ...
2021-11-02 08:21:58 INFO  .:166 - In Test Scenario CreateUser the method deleteUser execution status is :Pass
2021-11-02 08:21:58 INFO  .:76 - The execution of method logout started here ...
2021-11-02 08:22:03 INFO  .:88 - The execution of method logout ended here ...
2021-11-02 08:22:03 INFO  .:166 - In Test Scenario CreateUser the method logout execution status is :Pass
2021-11-02 08:22:03 INFO  .:121 - The execution of method closeApplication started here ...
2021-11-02 08:22:03 INFO  .:124 - The execution of method closeApplication ended here ...
2021-11-02 08:22:03 INFO  .:166 - In Test Scenario CreateUser the method closeApplication execution status is :Pass
2021-11-02 08:22:03 INFO  .:180 - +++++++++++++++++++++++++++++++
2021-11-02 08:22:05 INFO  .:86 - The execution of method navigate started here ...
2021-11-02 08:22:13 INFO  .:98 - The execution of method navigate ended here ...
2021-11-02 08:22:13 INFO  .:166 - In Test Scenario ModifyUser the method navigate execution status is :Pass
2021-11-02 08:22:13 INFO  .:32 - The execution of method login started here ...
2021-11-02 08:22:18 INFO  .:50 - The execution of method login ended here ...
2021-11-02 08:22:18 INFO  .:166 - In Test Scenario ModifyUser the method login execution status is :Pass
2021-11-02 08:22:20 INFO  .:166 - In Test Scenario ModifyUser the method minimizeFlyOutWindow execution status is :Pass
2021-11-02 08:22:21 INFO  .:32 - The execution of method createUser started here ...
2021-11-02 08:22:32 INFO  .:60 - The execution of method createUser ended here ...
2021-11-02 08:22:32 INFO  .:166 - In Test Scenario ModifyUser the method createUser execution status is :Pass
2021-11-02 08:22:32 INFO  .:86 - The execution of method modifyUser started here ...
2021-11-02 08:22:42 INFO  .:106 - The execution of method modifyUser ended here ...
2021-11-02 08:22:42 INFO  .:166 - In Test Scenario ModifyUser the method modifyUser execution status is :Fail
2021-11-02 08:22:42 INFO  .:131 - The execution of method deleteUser started here ...
2021-11-02 08:22:51 INFO  .:147 - The execution of method deleteUser ended here ...
2021-11-02 08:22:51 INFO  .:166 - In Test Scenario ModifyUser the method deleteUser execution status is :Pass
2021-11-02 08:22:52 INFO  .:76 - The execution of method logout started here ...
2021-11-02 08:22:56 INFO  .:88 - The execution of method logout ended here ...
2021-11-02 08:22:56 INFO  .:166 - In Test Scenario ModifyUser the method logout execution status is :Pass
2021-11-02 08:22:56 INFO  .:121 - The execution of method closeApplication started here ...
2021-11-02 08:22:56 INFO  .:124 - The execution of method closeApplication ended here ...
2021-11-02 08:22:56 INFO  .:166 - In Test Scenario ModifyUser the method closeApplication execution status is :Pass
2021-11-02 08:22:56 INFO  .:180 - +++++++++++++++++++++++++++++++
2021-11-02 08:22:56 INFO  .:180 - +++++++++++++++++++++++++++++++
2021-11-02 08:22:56 INFO  .:180 - +++++++++++++++++++++++++++++++
2021-11-02 08:22:56 INFO  .:180 - +++++++++++++++++++++++++++++++
2021-11-02 08:22:56 INFO  .:180 - +++++++++++++++++++++++++++++++
2021-11-02 08:22:56 INFO  .:183 - The execution of method executeTestScenarios ended here ...
2021-11-02 08:22:57 INFO  .:205 - The execution of method endAutomationSuite ended here ...
2021-11-02 08:22:57 INFO  .:208 - The execution of method endAutomationSuite ended here ...
2021-11-02 08:30:32 INFO  .:69 - The execution of method loadFiles started here ...
2021-11-02 08:30:32 INFO  .:84 - The execution of method loadFiles ended here ...
2021-11-02 08:30:36 INFO  .:77 - The execution of method navigate started here ...
2021-11-02 08:30:43 INFO  .:89 - The execution of method navigate ended here ...
2021-11-02 08:30:43 INFO  .:166 - In Test Scenario Login the method navigate execution status is :Pass
2021-11-02 08:30:43 INFO  .:32 - The execution of method login started here ...
2021-11-02 08:30:49 INFO  .:50 - The execution of method login ended here ...
2021-11-02 08:30:49 INFO  .:166 - In Test Scenario Login the method login execution status is :Pass
2021-11-02 08:30:51 INFO  .:166 - In Test Scenario Login the method minimizeFlyOutWindow execution status is :Pass
2021-11-02 08:30:51 INFO  .:76 - The execution of method logout started here ...
2021-11-02 08:30:56 INFO  .:88 - The execution of method logout ended here ...
2021-11-02 08:30:56 INFO  .:166 - In Test Scenario Login the method logout execution status is :Pass
2021-11-02 08:30:56 INFO  .:112 - The execution of method closeApplication started here ...
2021-11-02 08:30:56 INFO  .:115 - The execution of method closeApplication ended here ...
2021-11-02 08:30:56 INFO  .:166 - In Test Scenario Login the method closeApplication execution status is :Pass
2021-11-02 08:30:56 INFO  .:180 - +++++++++++++++++++++++++++++++
2021-11-02 08:30:58 INFO  .:77 - The execution of method navigate started here ...
2021-11-02 08:31:06 INFO  .:89 - The execution of method navigate ended here ...
2021-11-02 08:31:06 INFO  .:166 - In Test Scenario CreateUser the method navigate execution status is :Pass
2021-11-02 08:31:06 INFO  .:32 - The execution of method login started here ...
2021-11-02 08:31:11 INFO  .:50 - The execution of method login ended here ...
2021-11-02 08:31:11 INFO  .:166 - In Test Scenario CreateUser the method login execution status is :Pass
2021-11-02 08:31:14 INFO  .:166 - In Test Scenario CreateUser the method minimizeFlyOutWindow execution status is :Pass
2021-11-02 08:31:14 INFO  .:32 - The execution of method createUser started here ...
2021-11-02 08:31:25 INFO  .:60 - The execution of method createUser ended here ...
2021-11-02 08:31:25 INFO  .:166 - In Test Scenario CreateUser the method createUser execution status is :Pass
2021-11-02 08:31:26 INFO  .:131 - The execution of method deleteUser started here ...
2021-11-02 08:31:35 INFO  .:147 - The execution of method deleteUser ended here ...
2021-11-02 08:31:35 INFO  .:166 - In Test Scenario CreateUser the method deleteUser execution status is :Pass
2021-11-02 08:31:35 INFO  .:76 - The execution of method logout started here ...
2021-11-02 08:31:39 INFO  .:88 - The execution of method logout ended here ...
2021-11-02 08:31:39 INFO  .:166 - In Test Scenario CreateUser the method logout execution status is :Pass
2021-11-02 08:31:40 INFO  .:112 - The execution of method closeApplication started here ...
2021-11-02 08:31:40 INFO  .:115 - The execution of method closeApplication ended here ...
2021-11-02 08:31:40 INFO  .:166 - In Test Scenario CreateUser the method closeApplication execution status is :Pass
2021-11-02 08:31:40 INFO  .:180 - +++++++++++++++++++++++++++++++
2021-11-02 08:31:42 INFO  .:77 - The execution of method navigate started here ...
2021-11-02 08:31:49 INFO  .:89 - The execution of method navigate ended here ...
2021-11-02 08:31:49 INFO  .:166 - In Test Scenario ModifyUser the method navigate execution status is :Pass
2021-11-02 08:31:49 INFO  .:32 - The execution of method login started here ...
2021-11-02 08:31:55 INFO  .:50 - The execution of method login ended here ...
2021-11-02 08:31:55 INFO  .:166 - In Test Scenario ModifyUser the method login execution status is :Pass
2021-11-02 08:31:57 INFO  .:166 - In Test Scenario ModifyUser the method minimizeFlyOutWindow execution status is :Pass
2021-11-02 08:31:57 INFO  .:32 - The execution of method createUser started here ...
2021-11-02 08:32:09 INFO  .:60 - The execution of method createUser ended here ...
2021-11-02 08:32:09 INFO  .:166 - In Test Scenario ModifyUser the method createUser execution status is :Pass
2021-11-02 08:32:09 INFO  .:86 - The execution of method modifyUser started here ...
2021-11-02 08:32:18 INFO  .:106 - The execution of method modifyUser ended here ...
2021-11-02 08:32:19 INFO  .:166 - In Test Scenario ModifyUser the method modifyUser execution status is :Fail
2021-11-02 08:32:19 INFO  .:131 - The execution of method deleteUser started here ...
2021-11-02 08:32:28 INFO  .:147 - The execution of method deleteUser ended here ...
2021-11-02 08:32:28 INFO  .:166 - In Test Scenario ModifyUser the method deleteUser execution status is :Pass
2021-11-02 08:32:28 INFO  .:76 - The execution of method logout started here ...
2021-11-02 08:32:33 INFO  .:88 - The execution of method logout ended here ...
2021-11-02 08:32:33 INFO  .:166 - In Test Scenario ModifyUser the method logout execution status is :Pass
2021-11-02 08:32:33 INFO  .:112 - The execution of method closeApplication started here ...
2021-11-02 08:32:33 INFO  .:115 - The execution of method closeApplication ended here ...
2021-11-02 08:32:33 INFO  .:166 - In Test Scenario ModifyUser the method closeApplication execution status is :Pass
2021-11-02 08:32:33 INFO  .:180 - +++++++++++++++++++++++++++++++
2021-11-02 08:32:33 INFO  .:180 - +++++++++++++++++++++++++++++++
2021-11-02 08:32:33 INFO  .:180 - +++++++++++++++++++++++++++++++
2021-11-02 08:32:33 INFO  .:180 - +++++++++++++++++++++++++++++++
2021-11-02 08:32:33 INFO  .:180 - +++++++++++++++++++++++++++++++
2021-11-02 08:32:33 INFO  .:183 - The execution of method executeTestScenarios ended here ...
2021-11-02 08:32:33 INFO  .:205 - The execution of method endAutomationSuite ended here ...
2021-11-02 08:32:33 INFO  .:208 - The execution of method endAutomationSuite ended here ...
2021-11-03 17:36:30 INFO  .:70 - The execution of method loadFiles started here ...
2021-11-03 17:36:30 INFO  .:85 - The execution of method loadFiles ended here ...
2021-11-03 17:36:41 INFO  .:81 - The execution of method navigate started here ...
2021-11-03 17:36:51 INFO  .:93 - The execution of method navigate ended here ...
2021-11-03 17:36:51 INFO  .:167 - In Test Scenario Login the method navigate execution status is :Pass
2021-11-03 17:36:51 INFO  .:33 - The execution of method login started here ...
2021-11-03 17:36:56 INFO  .:51 - The execution of method login ended here ...
2021-11-03 17:36:56 INFO  .:167 - In Test Scenario Login the method login execution status is :Pass
2021-11-03 17:36:59 INFO  .:167 - In Test Scenario Login the method minimizeFlyOutWindow execution status is :Pass
2021-11-03 17:36:59 INFO  .:77 - The execution of method logout started here ...
2021-11-03 17:37:03 INFO  .:89 - The execution of method logout ended here ...
2021-11-03 17:37:03 INFO  .:167 - In Test Scenario Login the method logout execution status is :Pass
2021-11-03 17:37:04 INFO  .:116 - The execution of method closeApplication started here ...
2021-11-03 17:37:04 INFO  .:119 - The execution of method closeApplication ended here ...
2021-11-03 17:37:04 INFO  .:167 - In Test Scenario Login the method closeApplication execution status is :Pass
2021-11-03 17:37:04 INFO  .:181 - +++++++++++++++++++++++++++++++
2021-11-03 17:37:06 INFO  .:81 - The execution of method navigate started here ...
2021-11-03 17:37:16 INFO  .:93 - The execution of method navigate ended here ...
2021-11-03 17:37:16 INFO  .:167 - In Test Scenario CreateUser the method navigate execution status is :Pass
2021-11-03 17:37:16 INFO  .:33 - The execution of method login started here ...
2021-11-03 17:37:21 INFO  .:51 - The execution of method login ended here ...
2021-11-03 17:37:21 INFO  .:167 - In Test Scenario CreateUser the method login execution status is :Pass
2021-11-03 17:37:24 INFO  .:167 - In Test Scenario CreateUser the method minimizeFlyOutWindow execution status is :Pass
2021-11-03 17:37:24 INFO  .:32 - The execution of method createUser started here ...
2021-11-03 17:37:36 INFO  .:60 - The execution of method createUser ended here ...
2021-11-03 17:37:36 INFO  .:167 - In Test Scenario CreateUser the method createUser execution status is :Pass
2021-11-03 17:37:36 INFO  .:131 - The execution of method deleteUser started here ...
2021-11-03 17:37:45 INFO  .:147 - The execution of method deleteUser ended here ...
2021-11-03 17:37:45 INFO  .:167 - In Test Scenario CreateUser the method deleteUser execution status is :Pass
2021-11-03 17:37:45 INFO  .:77 - The execution of method logout started here ...
2021-11-03 17:37:49 INFO  .:89 - The execution of method logout ended here ...
2021-11-03 17:37:49 INFO  .:167 - In Test Scenario CreateUser the method logout execution status is :Pass
2021-11-03 17:37:50 INFO  .:116 - The execution of method closeApplication started here ...
2021-11-03 17:37:50 INFO  .:119 - The execution of method closeApplication ended here ...
2021-11-03 17:37:50 INFO  .:167 - In Test Scenario CreateUser the method closeApplication execution status is :Pass
2021-11-03 17:37:50 INFO  .:181 - +++++++++++++++++++++++++++++++
2021-11-03 17:37:52 INFO  .:81 - The execution of method navigate started here ...
2021-11-03 17:37:59 INFO  .:93 - The execution of method navigate ended here ...
2021-11-03 17:37:59 INFO  .:167 - In Test Scenario ModifyUser the method navigate execution status is :Pass
2021-11-03 17:38:00 INFO  .:33 - The execution of method login started here ...
2021-11-03 17:38:05 INFO  .:51 - The execution of method login ended here ...
2021-11-03 17:38:05 INFO  .:167 - In Test Scenario ModifyUser the method login execution status is :Pass
2021-11-03 17:38:07 INFO  .:167 - In Test Scenario ModifyUser the method minimizeFlyOutWindow execution status is :Pass
2021-11-03 17:38:07 INFO  .:32 - The execution of method createUser started here ...
2021-11-03 17:38:18 INFO  .:60 - The execution of method createUser ended here ...
2021-11-03 17:38:18 INFO  .:167 - In Test Scenario ModifyUser the method createUser execution status is :Pass
2021-11-03 17:38:18 INFO  .:86 - The execution of method modifyUser started here ...
2021-11-03 17:38:28 INFO  .:106 - The execution of method modifyUser ended here ...
2021-11-03 17:38:29 INFO  .:167 - In Test Scenario ModifyUser the method modifyUser execution status is :Fail
2021-11-03 17:38:29 INFO  .:131 - The execution of method deleteUser started here ...
2021-11-03 17:38:38 INFO  .:147 - The execution of method deleteUser ended here ...
2021-11-03 17:38:38 INFO  .:167 - In Test Scenario ModifyUser the method deleteUser execution status is :Pass
2021-11-03 17:38:38 INFO  .:77 - The execution of method logout started here ...
2021-11-03 17:38:43 INFO  .:89 - The execution of method logout ended here ...
2021-11-03 17:38:43 INFO  .:167 - In Test Scenario ModifyUser the method logout execution status is :Pass
2021-11-03 17:38:43 INFO  .:116 - The execution of method closeApplication started here ...
2021-11-03 17:38:43 INFO  .:119 - The execution of method closeApplication ended here ...
2021-11-03 17:38:43 INFO  .:167 - In Test Scenario ModifyUser the method closeApplication execution status is :Pass
2021-11-03 17:38:43 INFO  .:181 - +++++++++++++++++++++++++++++++
2021-11-03 17:38:43 INFO  .:181 - +++++++++++++++++++++++++++++++
2021-11-03 17:38:43 INFO  .:181 - +++++++++++++++++++++++++++++++
2021-11-03 17:38:43 INFO  .:181 - +++++++++++++++++++++++++++++++
2021-11-03 17:38:43 INFO  .:181 - +++++++++++++++++++++++++++++++
2021-11-03 17:38:43 INFO  .:184 - The execution of method executeTestScenarios ended here ...
2021-11-03 17:38:43 INFO  .:206 - The execution of method endAutomationSuite ended here ...
2021-11-03 17:38:43 INFO  .:209 - The execution of method endAutomationSuite ended here ...
2021-11-03 17:39:05 INFO  .:70 - The execution of method loadFiles started here ...
2021-11-03 17:39:05 INFO  .:85 - The execution of method loadFiles ended here ...
2021-11-03 17:39:09 INFO  .:81 - The execution of method navigate started here ...
2021-11-03 17:39:17 INFO  .:93 - The execution of method navigate ended here ...
2021-11-03 17:39:17 INFO  .:167 - In Test Scenario Login the method navigate execution status is :Pass
2021-11-03 17:39:17 INFO  .:33 - The execution of method login started here ...
2021-11-03 17:39:22 INFO  .:51 - The execution of method login ended here ...
2021-11-03 17:39:22 INFO  .:167 - In Test Scenario Login the method login execution status is :Pass
2021-11-03 17:39:25 INFO  .:167 - In Test Scenario Login the method minimizeFlyOutWindow execution status is :Pass
2021-11-03 17:39:25 INFO  .:77 - The execution of method logout started here ...
2021-11-03 17:39:29 INFO  .:89 - The execution of method logout ended here ...
2021-11-03 17:39:29 INFO  .:167 - In Test Scenario Login the method logout execution status is :Pass
2021-11-03 17:39:29 INFO  .:116 - The execution of method closeApplication started here ...
2021-11-03 17:39:29 INFO  .:119 - The execution of method closeApplication ended here ...
2021-11-03 17:39:29 INFO  .:167 - In Test Scenario Login the method closeApplication execution status is :Pass
2021-11-03 17:39:29 INFO  .:181 - +++++++++++++++++++++++++++++++
2021-11-03 17:39:31 INFO  .:81 - The execution of method navigate started here ...
2021-11-03 17:39:40 INFO  .:93 - The execution of method navigate ended here ...
2021-11-03 17:39:40 INFO  .:167 - In Test Scenario CreateUser the method navigate execution status is :Pass
2021-11-03 17:39:40 INFO  .:33 - The execution of method login started here ...
2021-11-03 17:39:45 INFO  .:51 - The execution of method login ended here ...
2021-11-03 17:39:45 INFO  .:167 - In Test Scenario CreateUser the method login execution status is :Pass
2021-11-03 17:39:47 INFO  .:167 - In Test Scenario CreateUser the method minimizeFlyOutWindow execution status is :Pass
2021-11-03 17:39:48 INFO  .:32 - The execution of method createUser started here ...
2021-11-03 17:39:59 INFO  .:60 - The execution of method createUser ended here ...
2021-11-03 17:39:59 INFO  .:167 - In Test Scenario CreateUser the method createUser execution status is :Pass
2021-11-03 17:39:59 INFO  .:131 - The execution of method deleteUser started here ...
2021-11-03 17:40:08 INFO  .:147 - The execution of method deleteUser ended here ...
2021-11-03 17:40:08 INFO  .:167 - In Test Scenario CreateUser the method deleteUser execution status is :Pass
2021-11-03 17:40:08 INFO  .:77 - The execution of method logout started here ...
2021-11-03 17:40:12 INFO  .:89 - The execution of method logout ended here ...
2021-11-03 17:40:12 INFO  .:167 - In Test Scenario CreateUser the method logout execution status is :Pass
2021-11-03 17:40:13 INFO  .:116 - The execution of method closeApplication started here ...
2021-11-03 17:40:13 INFO  .:119 - The execution of method closeApplication ended here ...
2021-11-03 17:40:13 INFO  .:167 - In Test Scenario CreateUser the method closeApplication execution status is :Pass
2021-11-03 17:40:13 INFO  .:181 - +++++++++++++++++++++++++++++++
2021-11-03 17:40:15 INFO  .:81 - The execution of method navigate started here ...
2021-11-03 17:40:22 INFO  .:93 - The execution of method navigate ended here ...
2021-11-03 17:40:22 INFO  .:167 - In Test Scenario ModifyUser the method navigate execution status is :Pass
2021-11-03 17:40:23 INFO  .:33 - The execution of method login started here ...
2021-11-03 17:40:28 INFO  .:51 - The execution of method login ended here ...
2021-11-03 17:40:28 INFO  .:167 - In Test Scenario ModifyUser the method login execution status is :Pass
2021-11-03 17:40:30 INFO  .:167 - In Test Scenario ModifyUser the method minimizeFlyOutWindow execution status is :Pass
2021-11-03 17:40:30 INFO  .:32 - The execution of method createUser started here ...
2021-11-03 17:40:41 INFO  .:60 - The execution of method createUser ended here ...
2021-11-03 17:40:41 INFO  .:167 - In Test Scenario ModifyUser the method createUser execution status is :Pass
2021-11-03 17:40:41 INFO  .:86 - The execution of method modifyUser started here ...
2021-11-03 17:40:51 INFO  .:106 - The execution of method modifyUser ended here ...
2021-11-03 17:40:51 INFO  .:167 - In Test Scenario ModifyUser the method modifyUser execution status is :Fail
2021-11-03 17:40:51 INFO  .:131 - The execution of method deleteUser started here ...
2021-11-03 17:41:00 INFO  .:147 - The execution of method deleteUser ended here ...
2021-11-03 17:41:00 INFO  .:167 - In Test Scenario ModifyUser the method deleteUser execution status is :Pass
2021-11-03 17:41:00 INFO  .:77 - The execution of method logout started here ...
2021-11-03 17:41:05 INFO  .:89 - The execution of method logout ended here ...
2021-11-03 17:41:05 INFO  .:167 - In Test Scenario ModifyUser the method logout execution status is :Pass
2021-11-03 17:41:05 INFO  .:116 - The execution of method closeApplication started here ...
2021-11-03 17:41:05 INFO  .:119 - The execution of method closeApplication ended here ...
2021-11-03 17:41:05 INFO  .:167 - In Test Scenario ModifyUser the method closeApplication execution status is :Pass
2021-11-03 17:41:05 INFO  .:181 - +++++++++++++++++++++++++++++++
2021-11-03 17:41:05 INFO  .:181 - +++++++++++++++++++++++++++++++
2021-11-03 17:41:05 INFO  .:181 - +++++++++++++++++++++++++++++++
2021-11-03 17:41:05 INFO  .:181 - +++++++++++++++++++++++++++++++
2021-11-03 17:41:05 INFO  .:181 - +++++++++++++++++++++++++++++++
2021-11-03 17:41:05 INFO  .:184 - The execution of method executeTestScenarios ended here ...
2021-11-03 17:41:05 INFO  .:206 - The execution of method endAutomationSuite ended here ...
2021-11-03 17:41:05 INFO  .:209 - The execution of method endAutomationSuite ended here ...
2021-11-05 09:20:20 INFO  .:71 - The execution of method loadFiles started here ...
2021-11-05 09:20:20 INFO  .:86 - The execution of method loadFiles ended here ...
2021-11-05 09:20:25 INFO  .:81 - The execution of method navigate started here ...
2021-11-05 09:20:33 INFO  .:93 - The execution of method navigate ended here ...
2021-11-05 09:20:33 INFO  .:168 - In Test Scenario Login the method navigate execution status is :Pass
2021-11-05 09:20:33 INFO  .:33 - The execution of method login started here ...
2021-11-05 09:20:41 INFO  .:51 - The execution of method login ended here ...
2021-11-05 09:20:41 INFO  .:168 - In Test Scenario Login the method login execution status is :Pass
2021-11-05 09:20:44 INFO  .:168 - In Test Scenario Login the method minimizeFlyOutWindow execution status is :Pass
2021-11-05 09:20:44 INFO  .:77 - The execution of method logout started here ...
2021-11-05 09:20:48 INFO  .:89 - The execution of method logout ended here ...
2021-11-05 09:20:48 INFO  .:168 - In Test Scenario Login the method logout execution status is :Pass
2021-11-05 09:20:48 INFO  .:116 - The execution of method closeApplication started here ...
2021-11-05 09:20:49 INFO  .:119 - The execution of method closeApplication ended here ...
2021-11-05 09:20:49 INFO  .:168 - In Test Scenario Login the method closeApplication execution status is :Pass
2021-11-05 09:20:49 INFO  .:182 - +++++++++++++++++++++++++++++++
2021-11-05 09:20:50 INFO  .:81 - The execution of method navigate started here ...
2021-11-05 09:21:00 INFO  .:93 - The execution of method navigate ended here ...
2021-11-05 09:21:00 INFO  .:168 - In Test Scenario CreateUser the method navigate execution status is :Pass
2021-11-05 09:21:00 INFO  .:33 - The execution of method login started here ...
2021-11-05 09:21:05 INFO  .:51 - The execution of method login ended here ...
2021-11-05 09:21:05 INFO  .:168 - In Test Scenario CreateUser the method login execution status is :Pass
2021-11-05 09:21:08 INFO  .:168 - In Test Scenario CreateUser the method minimizeFlyOutWindow execution status is :Pass
2021-11-05 09:21:08 INFO  .:32 - The execution of method createUser started here ...
2021-11-05 09:21:19 INFO  .:60 - The execution of method createUser ended here ...
2021-11-05 09:21:19 INFO  .:168 - In Test Scenario CreateUser the method createUser execution status is :Pass
2021-11-05 09:21:19 INFO  .:131 - The execution of method deleteUser started here ...
2021-11-05 09:21:29 INFO  .:147 - The execution of method deleteUser ended here ...
2021-11-05 09:21:29 INFO  .:168 - In Test Scenario CreateUser the method deleteUser execution status is :Pass
2021-11-05 09:21:29 INFO  .:77 - The execution of method logout started here ...
2021-11-05 09:21:33 INFO  .:89 - The execution of method logout ended here ...
2021-11-05 09:21:33 INFO  .:168 - In Test Scenario CreateUser the method logout execution status is :Pass
2021-11-05 09:21:33 INFO  .:116 - The execution of method closeApplication started here ...
2021-11-05 09:21:33 INFO  .:119 - The execution of method closeApplication ended here ...
2021-11-05 09:21:33 INFO  .:168 - In Test Scenario CreateUser the method closeApplication execution status is :Pass
2021-11-05 09:21:33 INFO  .:182 - +++++++++++++++++++++++++++++++
2021-11-05 09:21:35 INFO  .:81 - The execution of method navigate started here ...
2021-11-05 09:21:42 INFO  .:93 - The execution of method navigate ended here ...
2021-11-05 09:21:42 INFO  .:168 - In Test Scenario ModifyUser the method navigate execution status is :Pass
2021-11-05 09:21:43 INFO  .:33 - The execution of method login started here ...
2021-11-05 09:21:48 INFO  .:51 - The execution of method login ended here ...
2021-11-05 09:21:48 INFO  .:168 - In Test Scenario ModifyUser the method login execution status is :Pass
2021-11-05 09:21:50 INFO  .:168 - In Test Scenario ModifyUser the method minimizeFlyOutWindow execution status is :Pass
2021-11-05 09:21:50 INFO  .:32 - The execution of method createUser started here ...
2021-11-05 09:22:02 INFO  .:60 - The execution of method createUser ended here ...
2021-11-05 09:22:02 INFO  .:168 - In Test Scenario ModifyUser the method createUser execution status is :Pass
2021-11-05 09:22:02 INFO  .:86 - The execution of method modifyUser started here ...
2021-11-05 09:22:11 INFO  .:106 - The execution of method modifyUser ended here ...
2021-11-05 09:22:12 INFO  .:168 - In Test Scenario ModifyUser the method modifyUser execution status is :Fail
2021-11-05 09:22:12 INFO  .:131 - The execution of method deleteUser started here ...
2021-11-05 09:22:22 INFO  .:147 - The execution of method deleteUser ended here ...
2021-11-05 09:22:22 INFO  .:168 - In Test Scenario ModifyUser the method deleteUser execution status is :Pass
2021-11-05 09:22:22 INFO  .:77 - The execution of method logout started here ...
2021-11-05 09:22:26 INFO  .:89 - The execution of method logout ended here ...
2021-11-05 09:22:26 INFO  .:168 - In Test Scenario ModifyUser the method logout execution status is :Pass
2021-11-05 09:22:26 INFO  .:116 - The execution of method closeApplication started here ...
2021-11-05 09:22:26 INFO  .:119 - The execution of method closeApplication ended here ...
2021-11-05 09:22:26 INFO  .:168 - In Test Scenario ModifyUser the method closeApplication execution status is :Pass
2021-11-05 09:22:26 INFO  .:182 - +++++++++++++++++++++++++++++++
2021-11-05 09:22:27 INFO  .:182 - +++++++++++++++++++++++++++++++
2021-11-05 09:22:27 INFO  .:182 - +++++++++++++++++++++++++++++++
2021-11-05 09:22:27 INFO  .:182 - +++++++++++++++++++++++++++++++
2021-11-05 09:22:27 INFO  .:182 - +++++++++++++++++++++++++++++++
2021-11-05 09:22:27 INFO  .:185 - The execution of method executeTestScenarios ended here ...
2021-11-05 09:22:27 INFO  .:207 - The execution of method endAutomationSuite ended here ...
2021-11-05 09:22:27 INFO  .:210 - The execution of method endAutomationSuite ended here ...
