2021-11-12 16:50:26 INFO  .:69 - The execution of method loadFiles started here ...
2021-11-12 16:50:26 INFO  .:84 - The execution of method loadFiles ended here ...
2021-11-12 16:50:26 INFO  .:180 - +++++++++++++++++++++++++++++++
2021-11-12 16:50:27 INFO  .:180 - +++++++++++++++++++++++++++++++
2021-11-12 16:50:27 INFO  .:180 - +++++++++++++++++++++++++++++++
2021-11-12 16:50:28 INFO  .:86 - The execution of method navigate started here ...
2021-11-12 16:50:34 INFO  .:98 - The execution of method navigate ended here ...
2021-11-12 16:50:34 INFO  .:166 - In Test Scenario CreateCustomer the method navigate execution status is :Pass
2021-11-12 16:50:34 INFO  .:32 - The execution of method login started here ...
2021-11-12 16:50:39 INFO  .:50 - The execution of method login ended here ...
2021-11-12 16:50:39 INFO  .:166 - In Test Scenario CreateCustomer the method login execution status is :Pass
2021-11-12 16:50:41 INFO  .:166 - In Test Scenario CreateCustomer the method minimizeFlyOutWindow execution status is :Pass
2021-11-12 16:50:41 INFO  .:32 - The execution of method createCustomer started here ...
2021-11-12 16:50:51 INFO  .:56 - The execution of method createUser ended here ...
2021-11-12 16:50:51 INFO  .:166 - In Test Scenario CreateCustomer the method createCustomer execution status is :Pass
2021-11-12 16:50:51 INFO  .:122 - The execution of method deleteCustomer started here ...
2021-11-12 16:50:57 INFO  .:140 - The execution of method deleteUser ended here ...
2021-11-12 16:50:57 INFO  .:166 - In Test Scenario CreateCustomer the method deleteCustomer execution status is :Pass
2021-11-12 16:50:57 INFO  .:76 - The execution of method logout started here ...
2021-11-12 16:51:01 INFO  .:88 - The execution of method logout ended here ...
2021-11-12 16:51:01 INFO  .:166 - In Test Scenario CreateCustomer the method logout execution status is :Pass
2021-11-12 16:51:02 INFO  .:121 - The execution of method closeApplication started here ...
2021-11-12 16:51:02 INFO  .:124 - The execution of method closeApplication ended here ...
2021-11-12 16:51:02 INFO  .:166 - In Test Scenario CreateCustomer the method closeApplication execution status is :Pass
2021-11-12 16:51:02 INFO  .:180 - +++++++++++++++++++++++++++++++
2021-11-12 16:51:03 INFO  .:86 - The execution of method navigate started here ...
2021-11-12 16:51:08 INFO  .:98 - The execution of method navigate ended here ...
2021-11-12 16:51:08 INFO  .:166 - In Test Scenario ModifyCustomer the method navigate execution status is :Pass
2021-11-12 16:51:08 INFO  .:32 - The execution of method login started here ...
2021-11-12 16:51:14 INFO  .:50 - The execution of method login ended here ...
2021-11-12 16:51:14 INFO  .:166 - In Test Scenario ModifyCustomer the method login execution status is :Pass
2021-11-12 16:51:16 INFO  .:166 - In Test Scenario ModifyCustomer the method minimizeFlyOutWindow execution status is :Pass
2021-11-12 16:51:16 INFO  .:32 - The execution of method createCustomer started here ...
2021-11-12 16:51:25 INFO  .:56 - The execution of method createUser ended here ...
2021-11-12 16:51:25 INFO  .:166 - In Test Scenario ModifyCustomer the method createCustomer execution status is :Pass
2021-11-12 16:51:25 INFO  .:80 - The execution of method modifyCustomer started here ...
2021-11-12 16:51:32 INFO  .:97 - The execution of method modifyCustomer ended here ...
2021-11-12 16:51:32 INFO  .:166 - In Test Scenario ModifyCustomer the method modifyCustomer execution status is :Pass
2021-11-12 16:51:32 INFO  .:122 - The execution of method deleteCustomer started here ...
2021-11-12 16:51:38 INFO  .:140 - The execution of method deleteUser ended here ...
2021-11-12 16:51:38 INFO  .:166 - In Test Scenario ModifyCustomer the method deleteCustomer execution status is :Pass
2021-11-12 16:51:38 INFO  .:76 - The execution of method logout started here ...
2021-11-12 16:51:43 INFO  .:88 - The execution of method logout ended here ...
2021-11-12 16:51:43 INFO  .:166 - In Test Scenario ModifyCustomer the method logout execution status is :Pass
2021-11-12 16:51:43 INFO  .:121 - The execution of method closeApplication started here ...
2021-11-12 16:51:43 INFO  .:124 - The execution of method closeApplication ended here ...
2021-11-12 16:51:43 INFO  .:166 - In Test Scenario ModifyCustomer the method closeApplication execution status is :Pass
2021-11-12 16:51:43 INFO  .:180 - +++++++++++++++++++++++++++++++
2021-11-12 16:51:43 INFO  .:180 - +++++++++++++++++++++++++++++++
2021-11-12 16:51:43 INFO  .:180 - +++++++++++++++++++++++++++++++
2021-11-12 16:51:43 INFO  .:183 - The execution of method executeTestScenarios ended here ...
2021-11-12 16:51:43 INFO  .:205 - The execution of method endAutomationSuite ended here ...
2021-11-12 16:51:43 INFO  .:208 - The execution of method endAutomationSuite ended here ...
2021-11-13 07:51:23 INFO  .:69 - The execution of method loadFiles started here ...
2021-11-13 07:51:23 INFO  .:84 - The execution of method loadFiles ended here ...
2021-11-13 07:51:24 INFO  .:180 - +++++++++++++++++++++++++++++++
2021-11-13 07:51:24 INFO  .:180 - +++++++++++++++++++++++++++++++
2021-11-13 07:51:24 INFO  .:180 - +++++++++++++++++++++++++++++++
2021-11-13 07:51:27 INFO  .:86 - The execution of method navigate started here ...
2021-11-13 07:51:33 INFO  .:98 - The execution of method navigate ended here ...
2021-11-13 07:51:33 INFO  .:166 - In Test Scenario CreateCustomer the method navigate execution status is :Pass
2021-11-13 07:51:33 INFO  .:32 - The execution of method login started here ...
2021-11-13 07:51:39 INFO  .:50 - The execution of method login ended here ...
2021-11-13 07:51:39 INFO  .:166 - In Test Scenario CreateCustomer the method login execution status is :Pass
2021-11-13 07:51:41 INFO  .:166 - In Test Scenario CreateCustomer the method minimizeFlyOutWindow execution status is :Pass
2021-11-13 07:51:41 INFO  .:32 - The execution of method createCustomer started here ...
2021-11-13 07:51:51 INFO  .:56 - The execution of method createUser ended here ...
2021-11-13 07:51:51 INFO  .:166 - In Test Scenario CreateCustomer the method createCustomer execution status is :Pass
2021-11-13 07:51:51 INFO  .:122 - The execution of method deleteCustomer started here ...
2021-11-13 07:51:57 INFO  .:140 - The execution of method deleteUser ended here ...
2021-11-13 07:51:57 INFO  .:166 - In Test Scenario CreateCustomer the method deleteCustomer execution status is :Pass
2021-11-13 07:51:57 INFO  .:76 - The execution of method logout started here ...
2021-11-13 07:52:02 INFO  .:88 - The execution of method logout ended here ...
2021-11-13 07:52:02 INFO  .:166 - In Test Scenario CreateCustomer the method logout execution status is :Pass
2021-11-13 07:52:02 INFO  .:121 - The execution of method closeApplication started here ...
2021-11-13 07:52:02 INFO  .:124 - The execution of method closeApplication ended here ...
2021-11-13 07:52:02 INFO  .:166 - In Test Scenario CreateCustomer the method closeApplication execution status is :Pass
2021-11-13 07:52:02 INFO  .:180 - +++++++++++++++++++++++++++++++
2021-11-13 07:52:03 INFO  .:86 - The execution of method navigate started here ...
2021-11-13 07:52:09 INFO  .:98 - The execution of method navigate ended here ...
2021-11-13 07:52:09 INFO  .:166 - In Test Scenario ModifyCustomer the method navigate execution status is :Pass
2021-11-13 07:52:09 INFO  .:32 - The execution of method login started here ...
2021-11-13 07:52:14 INFO  .:50 - The execution of method login ended here ...
2021-11-13 07:52:14 INFO  .:166 - In Test Scenario ModifyCustomer the method login execution status is :Pass
2021-11-13 07:52:16 INFO  .:166 - In Test Scenario ModifyCustomer the method minimizeFlyOutWindow execution status is :Pass
2021-11-13 07:52:16 INFO  .:32 - The execution of method createCustomer started here ...
2021-11-13 07:52:26 INFO  .:56 - The execution of method createUser ended here ...
2021-11-13 07:52:26 INFO  .:166 - In Test Scenario ModifyCustomer the method createCustomer execution status is :Pass
2021-11-13 07:52:26 INFO  .:80 - The execution of method modifyCustomer started here ...
2021-11-13 07:52:33 INFO  .:97 - The execution of method modifyCustomer ended here ...
2021-11-13 07:52:33 INFO  .:166 - In Test Scenario ModifyCustomer the method modifyCustomer execution status is :Pass
2021-11-13 07:52:33 INFO  .:122 - The execution of method deleteCustomer started here ...
2021-11-13 07:52:39 INFO  .:140 - The execution of method deleteUser ended here ...
2021-11-13 07:52:39 INFO  .:166 - In Test Scenario ModifyCustomer the method deleteCustomer execution status is :Pass
2021-11-13 07:52:39 INFO  .:76 - The execution of method logout started here ...
2021-11-13 07:52:43 INFO  .:88 - The execution of method logout ended here ...
2021-11-13 07:52:43 INFO  .:166 - In Test Scenario ModifyCustomer the method logout execution status is :Pass
2021-11-13 07:52:43 INFO  .:121 - The execution of method closeApplication started here ...
2021-11-13 07:52:43 INFO  .:124 - The execution of method closeApplication ended here ...
2021-11-13 07:52:43 INFO  .:166 - In Test Scenario ModifyCustomer the method closeApplication execution status is :Pass
2021-11-13 07:52:43 INFO  .:180 - +++++++++++++++++++++++++++++++
2021-11-13 07:52:43 INFO  .:180 - +++++++++++++++++++++++++++++++
2021-11-13 07:52:43 INFO  .:180 - +++++++++++++++++++++++++++++++
2021-11-13 07:52:43 INFO  .:183 - The execution of method executeTestScenarios ended here ...
2021-11-13 07:52:44 INFO  .:205 - The execution of method endAutomationSuite ended here ...
2021-11-13 07:52:44 INFO  .:208 - The execution of method endAutomationSuite ended here ...
2021-11-13 08:06:17 INFO  .:69 - The execution of method loadFiles started here ...
2021-11-13 08:06:17 INFO  .:84 - The execution of method loadFiles ended here ...
2021-11-13 08:06:17 INFO  .:180 - +++++++++++++++++++++++++++++++
2021-11-13 08:06:17 INFO  .:180 - +++++++++++++++++++++++++++++++
2021-11-13 08:06:17 INFO  .:180 - +++++++++++++++++++++++++++++++
2021-11-13 08:06:19 INFO  .:86 - The execution of method navigate started here ...
2021-11-13 08:06:25 INFO  .:98 - The execution of method navigate ended here ...
2021-11-13 08:06:25 INFO  .:166 - In Test Scenario CreateCustomer the method navigate execution status is :Pass
2021-11-13 08:06:25 INFO  .:32 - The execution of method login started here ...
2021-11-13 08:06:30 INFO  .:50 - The execution of method login ended here ...
2021-11-13 08:06:30 INFO  .:166 - In Test Scenario CreateCustomer the method login execution status is :Pass
2021-11-13 08:06:33 INFO  .:166 - In Test Scenario CreateCustomer the method minimizeFlyOutWindow execution status is :Pass
2021-11-13 08:06:33 INFO  .:32 - The execution of method createCustomer started here ...
2021-11-13 08:06:43 INFO  .:56 - The execution of method createUser ended here ...
2021-11-13 08:06:43 INFO  .:166 - In Test Scenario CreateCustomer the method createCustomer execution status is :Pass
2021-11-13 08:06:43 INFO  .:122 - The execution of method deleteCustomer started here ...
2021-11-13 08:06:49 INFO  .:140 - The execution of method deleteUser ended here ...
2021-11-13 08:06:49 INFO  .:166 - In Test Scenario CreateCustomer the method deleteCustomer execution status is :Pass
2021-11-13 08:06:49 INFO  .:76 - The execution of method logout started here ...
2021-11-13 08:06:53 INFO  .:88 - The execution of method logout ended here ...
2021-11-13 08:06:53 INFO  .:166 - In Test Scenario CreateCustomer the method logout execution status is :Pass
2021-11-13 08:06:53 INFO  .:121 - The execution of method closeApplication started here ...
2021-11-13 08:06:53 INFO  .:124 - The execution of method closeApplication ended here ...
2021-11-13 08:06:53 INFO  .:166 - In Test Scenario CreateCustomer the method closeApplication execution status is :Pass
2021-11-13 08:06:53 INFO  .:180 - +++++++++++++++++++++++++++++++
2021-11-13 08:06:55 INFO  .:86 - The execution of method navigate started here ...
2021-11-13 08:07:00 INFO  .:98 - The execution of method navigate ended here ...
2021-11-13 08:07:00 INFO  .:166 - In Test Scenario ModifyCustomer the method navigate execution status is :Pass
2021-11-13 08:07:00 INFO  .:32 - The execution of method login started here ...
2021-11-13 08:07:06 INFO  .:50 - The execution of method login ended here ...
2021-11-13 08:07:06 INFO  .:166 - In Test Scenario ModifyCustomer the method login execution status is :Pass
2021-11-13 08:07:08 INFO  .:166 - In Test Scenario ModifyCustomer the method minimizeFlyOutWindow execution status is :Pass
2021-11-13 08:07:08 INFO  .:32 - The execution of method createCustomer started here ...
2021-11-13 08:07:17 INFO  .:56 - The execution of method createUser ended here ...
2021-11-13 08:07:17 INFO  .:166 - In Test Scenario ModifyCustomer the method createCustomer execution status is :Pass
2021-11-13 08:07:18 INFO  .:80 - The execution of method modifyCustomer started here ...
2021-11-13 08:07:24 INFO  .:97 - The execution of method modifyCustomer ended here ...
2021-11-13 08:07:24 INFO  .:166 - In Test Scenario ModifyCustomer the method modifyCustomer execution status is :Pass
2021-11-13 08:07:24 INFO  .:122 - The execution of method deleteCustomer started here ...
2021-11-13 08:07:30 INFO  .:140 - The execution of method deleteUser ended here ...
2021-11-13 08:07:30 INFO  .:166 - In Test Scenario ModifyCustomer the method deleteCustomer execution status is :Pass
2021-11-13 08:07:30 INFO  .:76 - The execution of method logout started here ...
2021-11-13 08:07:35 INFO  .:88 - The execution of method logout ended here ...
2021-11-13 08:07:35 INFO  .:166 - In Test Scenario ModifyCustomer the method logout execution status is :Pass
2021-11-13 08:07:35 INFO  .:121 - The execution of method closeApplication started here ...
2021-11-13 08:07:35 INFO  .:124 - The execution of method closeApplication ended here ...
2021-11-13 08:07:35 INFO  .:166 - In Test Scenario ModifyCustomer the method closeApplication execution status is :Pass
2021-11-13 08:07:35 INFO  .:180 - +++++++++++++++++++++++++++++++
2021-11-13 08:07:35 INFO  .:180 - +++++++++++++++++++++++++++++++
2021-11-13 08:07:35 INFO  .:180 - +++++++++++++++++++++++++++++++
2021-11-13 08:07:35 INFO  .:183 - The execution of method executeTestScenarios ended here ...
2021-11-13 08:07:35 INFO  .:205 - The execution of method endAutomationSuite ended here ...
2021-11-13 08:07:35 INFO  .:208 - The execution of method endAutomationSuite ended here ...
2021-11-15 10:15:51 INFO  .:69 - The execution of method loadFiles started here ...
2021-11-15 10:15:51 INFO  .:84 - The execution of method loadFiles ended here ...
2021-11-15 10:15:52 INFO  .:180 - +++++++++++++++++++++++++++++++
2021-11-15 10:15:52 INFO  .:180 - +++++++++++++++++++++++++++++++
2021-11-15 10:15:52 INFO  .:180 - +++++++++++++++++++++++++++++++
2021-11-15 10:15:53 INFO  .:86 - The execution of method navigate started here ...
2021-11-15 10:15:59 INFO  .:98 - The execution of method navigate ended here ...
2021-11-15 10:15:59 INFO  .:166 - In Test Scenario CreateCustomer the method navigate execution status is :Pass
2021-11-15 10:15:59 INFO  .:32 - The execution of method login started here ...
2021-11-16 16:29:33 INFO  .:69 - The execution of method loadFiles started here ...
2021-11-16 16:29:33 INFO  .:84 - The execution of method loadFiles ended here ...
2021-11-16 16:29:34 INFO  .:180 - +++++++++++++++++++++++++++++++
2021-11-16 16:29:34 INFO  .:180 - +++++++++++++++++++++++++++++++
2021-11-16 16:29:34 INFO  .:180 - +++++++++++++++++++++++++++++++
2021-11-16 16:29:39 INFO  .:86 - The execution of method navigate started here ...
2021-11-16 16:29:49 INFO  .:98 - The execution of method navigate ended here ...
2021-11-16 16:29:49 INFO  .:166 - In Test Scenario CreateCustomer the method navigate execution status is :Pass
2021-11-16 16:29:50 INFO  .:32 - The execution of method login started here ...
2021-11-16 16:29:57 INFO  .:50 - The execution of method login ended here ...
2021-11-16 16:29:57 INFO  .:166 - In Test Scenario CreateCustomer the method login execution status is :Pass
2021-11-16 16:29:59 INFO  .:166 - In Test Scenario CreateCustomer the method minimizeFlyOutWindow execution status is :Pass
2021-11-16 16:30:00 INFO  .:32 - The execution of method createCustomer started here ...
2021-11-16 16:30:12 INFO  .:56 - The execution of method createUser ended here ...
2021-11-16 16:30:12 INFO  .:166 - In Test Scenario CreateCustomer the method createCustomer execution status is :Pass
2021-11-16 16:30:12 INFO  .:122 - The execution of method deleteCustomer started here ...
2021-11-16 16:30:18 INFO  .:140 - The execution of method deleteUser ended here ...
2021-11-16 16:30:18 INFO  .:166 - In Test Scenario CreateCustomer the method deleteCustomer execution status is :Pass
2021-11-16 16:30:18 INFO  .:76 - The execution of method logout started here ...
2021-11-16 16:30:23 INFO  .:88 - The execution of method logout ended here ...
2021-11-16 16:30:23 INFO  .:166 - In Test Scenario CreateCustomer the method logout execution status is :Pass
2021-11-16 16:30:23 INFO  .:121 - The execution of method closeApplication started here ...
2021-11-16 16:30:27 INFO  .:124 - The execution of method closeApplication ended here ...
2021-11-16 16:30:27 INFO  .:166 - In Test Scenario CreateCustomer the method closeApplication execution status is :Pass
2021-11-16 16:30:27 INFO  .:180 - +++++++++++++++++++++++++++++++
2021-11-16 16:30:29 INFO  .:86 - The execution of method navigate started here ...
2021-11-16 16:30:38 INFO  .:98 - The execution of method navigate ended here ...
2021-11-16 16:30:38 INFO  .:166 - In Test Scenario ModifyCustomer the method navigate execution status is :Pass
2021-11-16 16:30:38 INFO  .:32 - The execution of method login started here ...
2021-11-16 16:30:44 INFO  .:50 - The execution of method login ended here ...
2021-11-16 16:30:44 INFO  .:166 - In Test Scenario ModifyCustomer the method login execution status is :Pass
2021-11-16 16:30:46 INFO  .:166 - In Test Scenario ModifyCustomer the method minimizeFlyOutWindow execution status is :Pass
2021-11-16 16:30:46 INFO  .:32 - The execution of method createCustomer started here ...
2021-11-16 16:30:56 INFO  .:56 - The execution of method createUser ended here ...
2021-11-16 16:30:56 INFO  .:166 - In Test Scenario ModifyCustomer the method createCustomer execution status is :Pass
2021-11-16 16:30:57 INFO  .:80 - The execution of method modifyCustomer started here ...
2021-11-16 16:31:04 INFO  .:97 - The execution of method modifyCustomer ended here ...
2021-11-16 16:31:04 INFO  .:166 - In Test Scenario ModifyCustomer the method modifyCustomer execution status is :Pass
2021-11-16 16:31:04 INFO  .:122 - The execution of method deleteCustomer started here ...
2021-11-16 16:31:10 INFO  .:140 - The execution of method deleteUser ended here ...
2021-11-16 16:31:10 INFO  .:166 - In Test Scenario ModifyCustomer the method deleteCustomer execution status is :Pass
2021-11-16 16:31:10 INFO  .:76 - The execution of method logout started here ...
2021-11-16 16:31:15 INFO  .:88 - The execution of method logout ended here ...
2021-11-16 16:31:15 INFO  .:166 - In Test Scenario ModifyCustomer the method logout execution status is :Pass
2021-11-16 16:31:15 INFO  .:121 - The execution of method closeApplication started here ...
2021-11-16 16:31:15 INFO  .:124 - The execution of method closeApplication ended here ...
2021-11-16 16:31:15 INFO  .:166 - In Test Scenario ModifyCustomer the method closeApplication execution status is :Pass
2021-11-16 16:31:15 INFO  .:180 - +++++++++++++++++++++++++++++++
2021-11-16 16:31:15 INFO  .:180 - +++++++++++++++++++++++++++++++
2021-11-16 16:31:15 INFO  .:180 - +++++++++++++++++++++++++++++++
2021-11-16 16:31:15 INFO  .:183 - The execution of method executeTestScenarios ended here ...
2021-11-16 16:31:15 INFO  .:205 - The execution of method endAutomationSuite ended here ...
2021-11-16 16:31:15 INFO  .:208 - The execution of method endAutomationSuite ended here ...
2021-11-16 17:31:29 INFO  .:69 - The execution of method loadFiles started here ...
2021-11-16 17:31:29 INFO  .:84 - The execution of method loadFiles ended here ...
2021-11-16 17:31:30 INFO  .:180 - +++++++++++++++++++++++++++++++
2021-11-16 17:31:30 INFO  .:180 - +++++++++++++++++++++++++++++++
2021-11-16 17:31:30 INFO  .:180 - +++++++++++++++++++++++++++++++
2021-11-16 17:33:35 INFO  .:86 - The execution of method navigate started here ...
2021-11-16 17:33:35 ERROR .:101 - there is an exception arised during the execution of the method navigate,The Exception :java.lang.NullPointerException
2021-11-16 17:33:35 INFO  .:166 - In Test Scenario CreateCustomer the method navigate execution status is :Fail
2021-11-16 17:33:35 INFO  .:32 - The execution of method login started here ...
2021-11-16 17:33:35 ERROR .:53 - there is an exception arised during the execution of the method login,The Exception :java.lang.NullPointerException
2021-11-16 17:33:35 INFO  .:166 - In Test Scenario CreateCustomer the method login execution status is :Fail
2021-11-16 17:33:36 INFO  .:166 - In Test Scenario CreateCustomer the method minimizeFlyOutWindow execution status is :Fail
2021-11-16 17:33:36 INFO  .:32 - The execution of method createCustomer started here ...
2021-11-16 17:33:36 ERROR .:59 - there is an exception arised during the execution of the method createUser,The Exception :java.lang.NullPointerException
2021-11-16 17:33:36 INFO  .:166 - In Test Scenario CreateCustomer the method createCustomer execution status is :Fail
2021-11-16 17:33:36 INFO  .:122 - The execution of method deleteCustomer started here ...
2021-11-16 17:33:36 ERROR .:143 - there is an exception arised during the execution of the method deleteUser,The Exception :java.lang.NullPointerException
2021-11-16 17:33:36 INFO  .:166 - In Test Scenario CreateCustomer the method deleteCustomer execution status is :Fail
2021-11-16 17:33:37 INFO  .:76 - The execution of method logout started here ...
2021-11-16 17:33:37 ERROR .:91 - there is an exception arised during the execution of the method logout,The Exception :java.lang.NullPointerException
2021-11-16 17:33:37 INFO  .:166 - In Test Scenario CreateCustomer the method logout execution status is :Fail
2021-11-16 17:33:37 INFO  .:121 - The execution of method closeApplication started here ...
2021-11-16 17:33:37 ERROR .:127 - there is an exception arised during the execution of the method closeApplication,The Exception :java.lang.NullPointerException
2021-11-16 17:33:37 INFO  .:166 - In Test Scenario CreateCustomer the method closeApplication execution status is :Fail
2021-11-16 17:33:37 INFO  .:180 - +++++++++++++++++++++++++++++++
